20:58:55.494 [main]  INFO  com.intuit.karate - Karate version: 1.5.0-SNAPSHOT
20:58:55.655 [main]  DEBUG com.intuit.karate.Suite - [config] classpath:karate-config.js
20:58:56.256 [main]  DEBUG com.intuit.karate - request:
1 > GET https://restful-booker.herokuapp.com/ping
1 > Host: restful-booker.herokuapp.com
1 > Connection: Keep-Alive
1 > User-Agent: Apache-HttpClient/4.5.14 (Java/17.0.7)
1 > Accept-Encoding: gzip,deflate


20:59:00.861 [main]  DEBUG com.intuit.karate - response time in milliseconds: 4598
1 < 201
1 < Server: Cowboy
1 < Connection: keep-alive
1 < X-Powered-By: Express
1 < Content-Type: text/plain; charset=utf-8
1 < Content-Length: 7
1 < Etag: W/"7-rM9AyJuqT6iOan/xHh+AW+7K/T8"
1 < Date: Sun, 03 Sep 2023 15:29:00 GMT
1 < Via: 1.1 vegur
Created

20:59:00.876 [main]  DEBUG c.intuit.karate.core.ScenarioEngine - over-writing existing variable 'response' with new value: response
20:59:00.892 [main]  INFO  com.intuit.karate - [print] response :  Created 
20:59:00.894 [main]  INFO  com.intuit.karate - [print] Health Status code :  201 
20:59:00.901 [main]  INFO  com.intuit.karate - [print] Service is UP !!! 201 
20:59:01.173 [main]  INFO  com.intuit.karate.Suite - <<pass>> feature 1 of 1 (0 remaining) 1.HealthCheckup.feature
